[1111/234304.681:ERROR:file_io_win.cc(163)] CreateFile C:\Program Files (x86)\temp\settings.dat: Access is denied. (0x5)
[1111/234304.805:ERROR:registration_protocol_win.cc(83)] TransactNamedPipe: The pipe has been ended. (0x6D)
[1111/234304.844:ERROR:crashpad_win.cc(223)] Crashpad handler failed to start, crash reporting disabled
[1111/234441.890:ERROR:file_io_win.cc(163)] CreateFile C:\Program Files (x86)\temp\settings.dat: Access is denied. (0x5)
[1111/234441.961:ERROR:registration_protocol_win.cc(83)] TransactNamedPipe: The pipe has been ended. (0x6D)
[1111/234442.010:ERROR:crashpad_win.cc(223)] Crashpad handler failed to start, crash reporting disabled
[1111/234753.822:ERROR:file_io_win.cc(163)] CreateFile C:\Program Files (x86)\temp\settings.dat: Access is denied. (0x5)
[1111/234753.916:ERROR:registration_protocol_win.cc(83)] TransactNamedPipe: The pipe has been ended. (0x6D)
[1111/234753.944:ERROR:crashpad_win.cc(223)] Crashpad handler failed to start, crash reporting disabled
[1116/020534.637:ERROR:file_io_win.cc(163)] CreateFile C:\Program Files (x86)\temp\settings.dat: Access is denied. (0x5)
[1116/020534.710:ERROR:file_io_win.cc(163)] CreateFile C:\Program Files (x86)\temp\settings.dat: Access is denied. (0x5)
[1116/020534.715:ERROR:registration_protocol_win.cc(83)] TransactNamedPipe: The pipe has been ended. (0x6D)
[1116/020534.788:ERROR:crashpad_win.cc(223)] Crashpad handler failed to start, crash reporting disabled
[1116/202206.830:ERROR:file_io_win.cc(163)] CreateFile C:\Program Files (x86)\temp\settings.dat: Access is denied. (0x5)
[1116/202206.952:ERROR:registration_protocol_win.cc(83)] TransactNamedPipe: The pipe has been ended. (0x6D)
[1116/202207.018:ERROR:crashpad_win.cc(223)] Crashpad handler failed to start, crash reporting disabled
[1116/202804.941:ERROR:file_io_win.cc(163)] CreateFile C:\Program Files (x86)\temp\settings.dat: Access is denied. (0x5)
[1116/202805.018:ERROR:registration_protocol_win.cc(83)] TransactNamedPipe: The pipe has been ended. (0x6D)
[1116/202805.199:ERROR:crashpad_win.cc(223)] Crashpad handler failed to start, crash reporting disabled
[1118/173806.126:ERROR:file_io_win.cc(163)] CreateFile C:\Program Files (x86)\temp\settings.dat: Access is denied. (0x5)
[1118/173806.266:ERROR:registration_protocol_win.cc(83)] TransactNamedPipe: The pipe has been ended. (0x6D)
[1118/173806.710:ERROR:crashpad_win.cc(223)] Crashpad handler failed to start, crash reporting disabled
[1119/112820.179:ERROR:file_io_win.cc(163)] CreateFile C:\Program Files (x86)\temp\settings.dat: Access is denied. (0x5)
[1119/112820.272:ERROR:registration_protocol_win.cc(83)] TransactNamedPipe: The pipe has been ended. (0x6D)
[1119/112820.339:ERROR:crashpad_win.cc(223)] Crashpad handler failed to start, crash reporting disabled
[1202/114720.093:ERROR:process_info.cc(632)] range at 0xe5cf2b7000000000, size 0x55 fully unreadable
[1202/114720.109:ERROR:process_info.cc(632)] range at 0xe5cf2bd600000000, size 0x55 fully unreadable
[1202/114720.109:ERROR:process_info.cc(632)] range at 0x0, size 0x55 fully unreadable
[1202/114720.156:ERROR:http_transport_win.cc(268)] WinHttpSendRequest: The server name or address could not be resolved  (0x2ee7)
